1	00:07:48	File closed	
1	00:19:54	File loaded from C:\Users\tumpi\OneDrive - UCL\Documents\MASTER\Q3\Mémoire\PROJECT\QTM\Qualisys\Data\Trajectory3.qtm	
1	00:21:37	File closed	
1	00:23:18	File loaded from C:\Users\tumpi\OneDrive - UCL\Documents\MASTER\Q3\Mémoire\PROJECT\QTM\Qualisys\Data\Trajectory3.qtm	
1	00:27:54	File closed	
1	00:27:55	File loaded from C:\Users\tumpi\OneDrive - UCL\Documents\MASTER\Q3\Mémoire\PROJECT\QTM\Qualisys\Data\Trajectory3.qtm	
1	00:28:38	File closed	
1	00:30:26	File loaded from C:\Users\tumpi\OneDrive - UCL\Documents\MASTER\Q3\Mémoire\PROJECT\QTM\Qualisys\Data\Trajectory3.qtm	
1	00:30:42	File closed	
1	00:30:43	File loaded from C:\Users\tumpi\OneDrive - UCL\Documents\MASTER\Q3\Mémoire\PROJECT\QTM\Qualisys\Data\Trajectory3.qtm	
1	00:33:08	File closed	
1	00:33:09	File loaded from C:\Users\tumpi\OneDrive - UCL\Documents\MASTER\Q3\Mémoire\PROJECT\QTM\Qualisys\Data\Trajectory3.qtm	
1	00:34:33	File closed	
1	00:34:34	File loaded from C:\Users\tumpi\OneDrive - UCL\Documents\MASTER\Q3\Mémoire\PROJECT\QTM\Qualisys\Data\Trajectory3.qtm	
1	00:35:02	File closed	
1	00:35:03	File loaded from C:\Users\tumpi\OneDrive - UCL\Documents\MASTER\Q3\Mémoire\PROJECT\QTM\Qualisys\Data\Trajectory3.qtm	
1	00:35:32	File closed	
1	00:35:33	File loaded from C:\Users\tumpi\OneDrive - UCL\Documents\MASTER\Q3\Mémoire\PROJECT\QTM\Qualisys\Data\Trajectory3.qtm	
1	00:37:09	File closed	
1	00:37:10	File loaded from C:\Users\tumpi\OneDrive - UCL\Documents\MASTER\Q3\Mémoire\PROJECT\QTM\Qualisys\Data\Trajectory3.qtm	
1	10:31:35	File closed	
1	10:44:58	Realtime started	
1	10:46:58	Disconnected	
1	10:47:23	Realtime started	
1	10:47:54	Disconnected	
1	10:48:19	Realtime started	
1	10:49:14	Disconnected	
1	10:49:14	Error(s) when waiting for realtime frame. Double-click for more information	Error(s) when waiting for realtime frame:  001 - code 09 - camera 01 (192.168.254.22) : The camera has stopped communicating. 002 - code 09 - camera 02 (192.168.254.18) : The camera has stopped communicating. 003 - code 09 - camera 04 (192.168.254.19) : The camera has stopped communicating. 004 - code 09 - camera 05 (192.168.254.20) : The camera has stopped communicating. 005 - code 09 - camera 08 (192.168.254.25) : The camera has stopped communicating.
1	10:51:25	Realtime started	
1	10:52:36	Disconnected	
1	10:52:37	File loaded from C:\Users\tumpi\OneDrive - UCL\Documents\MASTER\Q3\Mémoire\PROJECT\QTM\Qualisys\Data\Trajectory3.qtm	
1	10:52:44	File closed	
1	10:52:45	Realtime started	
1	10:55:54	Calibration started	
1	10:55:59	Calibration finished after 4.8420 seconds	
1	10:56:02	File created	
1	10:56:04	File saved as C:\Users\tumpi\OneDrive - UCL\Documents\MASTER\Q3\Mémoire\PROJECT\QTM\Qualisys\Calibrations\20220323_105451.qca	
1	10:56:15	File closed	
1	10:56:18	Realtime started	
1	11:51:13	Disconnected	
