1	11:00:23	File loaded from C:\Users\tumpi\bureau\QTM\Qualisys\Data\Trajectory4.qtm	
1	11:13:58	File closed	
1	11:14:01	File loaded from C:\Users\tumpi\bureau\QTM\Qualisys\Data\Trajectory3.qtm	
1	11:31:16	File loaded from C:\Users\tumpi\bureau\QTM\Qualisys\Data\Trajectory3.qtm	
1	11:32:31	File closed	
1	11:32:32	File loaded from C:\Users\tumpi\bureau\QTM\Qualisys\Data\Trajectory4.qtm	
1	11:32:35	File closed	
1	11:32:35	File loaded from C:\Users\tumpi\bureau\QTM\Qualisys\Data\Trajectory3.qtm	
1	11:33:37	File closed	
1	11:33:37	File loaded from C:\Users\tumpi\bureau\QTM\Qualisys\Data\Trajectory4.qtm	
1	11:33:39	File closed	
1	11:33:40	File loaded from C:\Users\tumpi\bureau\QTM\Qualisys\Data\Trajectory3.qtm	
1	12:23:00	File saved as C:\Users\tumpi\bureau\QTM\Qualisys\Data\Trajectory3.qtm	
1	12:37:29	File closed	
1	12:37:29	File loaded from C:\Users\tumpi\bureau\QTM\Qualisys\Data\Trajectory1.qtm	
1	12:37:31	File closed	
1	12:37:32	File loaded from C:\Users\tumpi\bureau\QTM\Qualisys\Data\Trajectory2.qtm	
1	12:37:34	File closed	
1	12:37:35	File loaded from C:\Users\tumpi\bureau\QTM\Qualisys\Data\Trajectory3.qtm	
1	12:37:38	File closed	
1	12:37:39	File loaded from C:\Users\tumpi\bureau\QTM\Qualisys\Data\Trajectory2.qtm	
1	12:37:44	File closed	
1	12:37:45	File loaded from C:\Users\tumpi\bureau\QTM\Qualisys\Data\Trajectory3.qtm	
1	12:37:51	File closed	
1	12:38:12	File loaded from C:\Users\tumpi\bureau\QTM\Qualisys\Data\Trajectory3.qtm	
1	12:38:16	File closed	
1	12:38:16	File loaded from C:\Users\tumpi\bureau\QTM\Qualisys\Data\Trajectory2.qtm	
1	12:38:18	File closed	
1	12:38:19	File loaded from C:\Users\tumpi\bureau\QTM\Qualisys\Data\Trajectory3.qtm	
1	12:40:09	Rigid body identification results	Rigid body identification results:  4 successful  1 failed  1 skipped (already identified, or part of an AIM model)
1	12:41:55	Rigid body identification results	Rigid body identification results:  3 successful  0 failed
1	12:43:14	Rigid body identification results	Rigid body identification results:  4 successful  0 failed
1	12:44:47	File saved as C:\Users\tumpi\bureau\QTM\Qualisys\Data\Trajectory3.qtm	
1	22:48:56	File saved as C:\Users\tumpi\bureau\QTM\Qualisys\Data\Trajectory3.qtm	
1	22:48:56	File closed	
1	22:53:26	File loaded from C:\Users\tumpi\bureau\QTM\Qualisys\Data\Trajectory3.qtm	
1	23:20:05	File loaded from C:\Users\tumpi\OneDrive - UCL\Documents\MASTER\Q3\Mémoire\PROJECT\QTM\Qualisys\Data\Trajectory3.qtm	
1	23:28:55	File closed	
1	23:28:56	File loaded from C:\Users\tumpi\AppData\Roaming\Python\Python37\site-packages\qtm\data\Demo.qtm	
1	23:38:35	File closed	
1	23:38:35	File loaded from C:\Users\tumpi\OneDrive - UCL\Documents\MASTER\Q3\Mémoire\PROJECT\QTM\Qualisys\Data\Trajectory3.qtm	
1	23:40:06	File closed	
1	23:41:02	File loaded from C:\Users\tumpi\OneDrive - UCL\Documents\MASTER\Q3\Mémoire\PROJECT\QTM\Qualisys\Data\Trajectory3.qtm	
1	23:42:36	File closed	
1	23:42:36	File loaded from C:\Users\tumpi\AppData\Roaming\Python\Python37\site-packages\qtm\data\Demo.qtm	
1	23:42:38	File closed	
